<?xml version="1.0" encoding="UTF-8"?>
<testng-results ignored="0" total="1" passed="1" failed="0" skipped="0">
  <reporter-output>
  </reporter-output>
  <suite started-at="2024-04-07T19:53:10 IST" name="Suite" finished-at="2024-04-07T19:53:29 IST" duration-ms="19322">
    <groups>
      <group name="FirstTestNG">
        <method signature="TC_AccountRegistrationTest.verify_account_registration()[pri:0, instance:testCases.TC_AccountRegistrationTest@189aa67a]" name="verify_account_registration" class="testCases.TC_AccountRegistrationTest"/>
      </group> <!-- FirstTestNG -->
      <group name="regression">
        <method signature="TC_AccountRegistrationTest.verify_account_registration()[pri:0, instance:testCases.TC_AccountRegistrationTest@189aa67a]" name="verify_account_registration" class="testCases.TC_AccountRegistrationTest"/>
      </group> <!-- regression -->
    </groups>
    <test started-at="2024-04-07T19:53:10 IST" name="Test" finished-at="2024-04-07T19:53:29 IST" duration-ms="19322">
      <class name="testCases.TC_AccountRegistrationTest">
        <test-method is-config="true" signature="setUp(java.lang.String,java.lang.String)[pri:0, instance:testCases.TC_AccountRegistrationTest@189aa67a]" started-at="2024-04-07T19:53:10 IST" name="setUp" finished-at="2024-04-07T19:53:21 IST" duration-ms="11160" status="PASS">
          <params>
            <param index="0">
              <value>
                <![CDATA[Windows]]>
              </value>
            </param>
            <param index="1">
              <value>
                <![CDATA[chrome]]>
              </value>
            </param>
          </params>
          <reporter-output>
          </reporter-output>
        </test-method> <!-- setUp -->
        <test-method signature="verify_account_registration()[pri:0, instance:testCases.TC_AccountRegistrationTest@189aa67a]" started-at="2024-04-07T19:53:21 IST" name="verify_account_registration" finished-at="2024-04-07T19:53:29 IST" duration-ms="7964" status="PASS">
          <reporter-output>
          </reporter-output>
        </test-method> <!-- verify_account_registration -->
        <test-method is-config="true" signature="tearDown()[pri:0, instance:testCases.TC_AccountRegistrationTest@189aa67a]" started-at="2024-04-07T19:53:29 IST" name="tearDown" finished-at="2024-04-07T19:53:29 IST" duration-ms="138" status="PASS">
          <reporter-output>
          </reporter-output>
        </test-method> <!-- tearDown -->
      </class> <!-- testCases.TC_AccountRegistrationTest -->
    </test> <!-- Test -->
  </suite> <!-- Suite -->
</testng-results>
