<?xml version="1.0" encoding="UTF-8"?>
<testng-results ignored="0" total="2" passed="2" failed="0" skipped="0">
  <reporter-output>
  </reporter-output>
  <suite started-at="2024-04-11T22:45:07 IST" name="Default suite" finished-at="2024-04-11T22:45:19 IST" duration-ms="11936">
    <groups>
    </groups>
    <test started-at="2024-04-11T22:45:07 IST" name="Default test" finished-at="2024-04-11T22:45:19 IST" duration-ms="11936">
      <class name="testCases.Tc_025_Validate_Qty_Product">
        <test-method is-config="true" signature="setup()[pri:0, instance:testCases.Tc_025_Validate_Qty_Product@77c2494c]" started-at="2024-04-11T22:45:07 IST" name="setup" finished-at="2024-04-11T22:45:13 IST" duration-ms="6300" status="PASS">
          <reporter-output>
          </reporter-output>
        </test-method> <!-- setup -->
        <test-method signature="HomePagetitleVerification()[pri:1, instance:testCases.Tc_025_Validate_Qty_Product@77c2494c]" started-at="2024-04-11T22:45:13 IST" name="HomePagetitleVerification" finished-at="2024-04-11T22:45:13 IST" duration-ms="41" status="PASS">
          <reporter-output>
          </reporter-output>
        </test-method> <!-- HomePagetitleVerification -->
        <test-method signature="Product_Quantity()[pri:2, instance:testCases.Tc_025_Validate_Qty_Product@77c2494c]" started-at="2024-04-11T22:45:13 IST" name="Product_Quantity" finished-at="2024-04-11T22:45:19 IST" duration-ms="5490" status="PASS">
          <reporter-output>
          </reporter-output>
        </test-method> <!-- Product_Quantity -->
      </class> <!-- testCases.Tc_025_Validate_Qty_Product -->
    </test> <!-- Default test -->
  </suite> <!-- Default suite -->
</testng-results>
